<?xml version="1.0" encoding="UTF-8"?>
<testsuite name="BibliotecaSimpleTest" tests="7" skipped="0" failures="0" errors="0" timestamp="2025-05-09T00:50:46" hostname="archlinux" time="0.024">
  <properties/>
  <testcase name="testObtenerLibrosOrdenadosPorAnio()" classname="BibliotecaSimpleTest" time="0.011"/>
  <testcase name="testBuscarPorTitulo_NoExistente()" classname="BibliotecaSimpleTest" time="0.004"/>
  <testcase name="testAgregarLibro()" classname="BibliotecaSimpleTest" time="0.001"/>
  <testcase name="testBuscarPorTitulo_Existente()" classname="BibliotecaSimpleTest" time="0.0"/>
  <testcase name="testEliminarLibroPorTitulo_Existente()" classname="BibliotecaSimpleTest" time="0.001"/>
  <testcase name="testEliminarLibroPorTitulo_NoExistente()" classname="BibliotecaSimpleTest" time="0.001"/>
  <testcase name="testObtenerLibrosOrdenadosPorAutor()" classname="BibliotecaSimpleTest" time="0.001"/>
  <system-out><![CDATA[]]></system-out>
  <system-err><![CDATA[]]></system-err>
</testsuite>
