<?xml version="1.0" encoding="UTF-8"?>
<testsuite name="GestortTransporteTest" tests="1" skipped="0" failures="1" errors="0" timestamp="2025-05-20T20:25:05" hostname="archlinux" time="0.017">
  <properties/>
  <testcase name="test1()" classname="GestortTransporteTest" time="0.017">
    <failure message="org.opentest4j.AssertionFailedError: expected: &lt;50306.9&gt; but was: &lt;1.50003069E8&gt;" type="org.opentest4j.AssertionFailedError">org.opentest4j.AssertionFailedError: expected: &lt;50306.9&gt; but was: &lt;1.50003069E8&gt;
	at app//org.junit.jupiter.api.AssertionFailureBuilder.build(AssertionFailureBuilder.java:151)
	at app//org.junit.jupiter.api.AssertionFailureBuilder.buildAndThrow(AssertionFailureBuilder.java:132)
	at app//org.junit.jupiter.api.AssertEquals.failNotEqual(AssertEquals.java:197)
	at app//org.junit.jupiter.api.AssertEquals.assertEquals(AssertEquals.java:182)
	at app//org.junit.jupiter.api.AssertEquals.assertEquals(AssertEquals.java:177)
	at app//org.junit.jupiter.api.Assertions.assertEquals(Assertions.java:1145)
	at app//GestortTransporteTest.test1(GestortTransporteTest.java:24)
	at java.base@21.0.7/java.lang.reflect.Method.invoke(Method.java:580)
	at java.base@21.0.7/java.util.ArrayList.forEach(ArrayList.java:1596)
	at java.base@21.0.7/java.util.ArrayList.forEach(ArrayList.java:1596)
</failure>
  </testcase>
  <system-out><![CDATA[]]></system-out>
  <system-err><![CDATA[]]></system-err>
</testsuite>
